<?xml version="1.0" encoding="UTF-8"?>
<testng-results ignored="5" total="6" passed="1" failed="0" skipped="0">
  <reporter-output>
  </reporter-output>
  <suite started-at="2026-07-23T01:31:15 IST" name="RedBus Automation Suite" finished-at="2026-07-23T01:31:17 IST" duration-ms="1814">
    <groups>
    </groups>
    <test started-at="2026-07-23T01:31:15 IST" name="Source and Destination Tests" finished-at="2026-07-23T01:31:17 IST" duration-ms="1814">
      <class name="testCases.DatePickerTest">
        <test-method is-config="true" signature="setup(java.lang.String,java.lang.String)[pri:0, instance:testCases.DatePickerTest@50dfbc58]" started-at="2026-07-23T01:31:15 IST" name="setup" finished-at="2026-07-23T01:31:16 IST" duration-ms="1534" status="PASS">
          <params>
            <param index="0">
              <value>
                <![CDATA[windows]]>
              </value>
            </param>
            <param index="1">
              <value>
                <![CDATA[chrome]]>
              </value>
            </param>
          </params>
          <reporter-output>
          </reporter-output>
        </test-method> <!-- setup -->
        <test-method signature="TC_006_select_today()[pri:0, instance:testCases.DatePickerTest@50dfbc58]" started-at="2026-07-23T01:31:16 IST" name="TC_006_select_today" finished-at="2026-07-23T01:31:17 IST" duration-ms="265" status="PASS">
          <reporter-output>
          </reporter-output>
        </test-method> <!-- TC_006_select_today -->
      </class> <!-- testCases.DatePickerTest -->
    </test> <!-- Source and Destination Tests -->
  </suite> <!-- RedBus Automation Suite -->
</testng-results>
