<?xml version="1.0" encoding="UTF-8"?>
<!-- Generated by org.testng.reporters.JUnitXMLReporter -->
<testsuite ignored="0" hostname="SoumalyA07" failures="1" tests="1" name="Source and Destination Tests" time="5.075" errors="0" timestamp="2026-07-23T23:58:37 IST">
  <testcase classname="testCases.BusSearchTest" name="TC_001_check_route" time="3.188">
    <failure type="java.lang.AssertionError" message="Your source is not correct expected [Delhi] but found [Delhis]">
      <![CDATA[java.lang.AssertionError: Your source is not correct expected [Delhi] but found [Delhis]
at testCases.BusSearchTest.TC_001_check_route(BusSearchTest.java:20)
at java.base/java.util.ArrayList.forEach(ArrayList.java:1612)
... Removed 34 stack frames]]>
    </failure>
  </testcase> <!-- TC_001_check_route -->
</testsuite> <!-- Source and Destination Tests -->
