<?xml version="1.0" encoding="UTF-8"?>
<!-- Generated by org.testng.reporters.JUnitXMLReporter -->
<testsuite ignored="5" hostname="SoumalyA07" failures="0" tests="1" name="Source and Destination Tests" time="1.814" errors="0" timestamp="2026-07-23T01:31:17 IST">
  <testcase classname="testCases.DatePickerTest" name="TC_006_select_today" time="0.265"/>
  <testcase classname="testCases.DatePickerTest" name="TC_004_select_next_year" time="0.0">
    <ignored/>
  </testcase> <!-- TC_004_select_next_year -->
  <testcase classname="testCases.DatePickerTest" name="TC_001_select_tomorrow" time="0.0">
    <ignored/>
  </testcase> <!-- TC_001_select_tomorrow -->
  <testcase classname="testCases.DatePickerTest" name="TC_005_past_date_disabled" time="0.0">
    <ignored/>
  </testcase> <!-- TC_005_past_date_disabled -->
  <testcase classname="testCases.DatePickerTest" name="TC_003_select_next_month" time="0.0">
    <ignored/>
  </testcase> <!-- TC_003_select_next_month -->
  <testcase classname="testCases.DatePickerTest" name="TC_002_select_future_date" time="0.0">
    <ignored/>
  </testcase> <!-- TC_002_select_future_date -->
</testsuite> <!-- Source and Destination Tests -->
