<?xml version="1.0" encoding="UTF-8"?>
<!-- Generated by org.testng.reporters.JUnitReportReporter -->
<testsuite hostname="SoumalyA07" failures="0" tests="13" name="testCases.HomePageTest" time="2.327" errors="0" timestamp="2026-07-08T23:14:44 IST" skipped="0">
  <testcase classname="testCases.HomePageTest" name="TC_001_verify_page_loads_successfully" time="0.125"/>
  <testcase classname="testCases.HomePageTest" name="TC_002_verify_page_loads_under_acceptable_time" time="0.194"/>
  <testcase classname="testCases.HomePageTest" name="TC_003_verify_no_broken_images" time="1.266"/>
  <testcase classname="testCases.HomePageTest" name="TC_004_verify_all_major_links_are_clickable" time="0.164"/>
  <testcase classname="testCases.HomePageTest" name="TC_005_verify_page_refresh_retains_functionality" time="0.269"/>
  <testcase classname="testCases.HomePageTest" name="TC_006_is_logo_displayed" time="0.011"/>
  <testcase classname="testCases.HomePageTest" name="TC_007_is_journey_displayed" time="0.021"/>
  <testcase classname="testCases.HomePageTest" name="TC_008_is_calendar_displayed" time="0.009"/>
  <testcase classname="testCases.HomePageTest" name="TC_009_is_search_button_enabled" time="0.009"/>
  <testcase classname="testCases.HomePageTest" name="TC_010_verify_title" time="0.050"/>
  <testcase classname="testCases.HomePageTest" name="TC_011_is_footer_displayed" time="0.073"/>
  <testcase classname="testCases.HomePageTest" name="TC_012_is_account_button_displayed" time="0.011"/>
  <testcase classname="testCases.HomePageTest" name="TC_013_is_login_button_displayed" time="0.125"/>
</testsuite> <!-- testCases.HomePageTest -->
