<?xml version="1.0" encoding="UTF-8"?>
<!-- Generated by org.testng.reporters.JUnitReportReporter -->
<testsuite hostname="SoumalyA07" failures="0" tests="2" name="testCases.SourceDestinationTest" time="3.143" errors="0" timestamp="2026-07-18T14:41:34 IST" skipped="0">
  <testcase classname="testCases.SourceDestinationTest" name="TC_005_different_city_combinations" time="1.701"/>
  <testcase classname="testCases.SourceDestinationTest" name="TC_005_different_city_combinations" time="1.442"/>
</testsuite> <!-- testCases.SourceDestinationTest -->
